<?xml version="1.0" encoding="UTF-8"?>
<testsuite xmlns:xsi="http://www.w3.org/2001/XMLSchema-instance" xsi:noNamespaceSchemaLocation="https://maven.apache.org/surefire/maven-surefire-plugin/xsd/surefire-test-report.xsd" name="CreateUserTest" time="2.896" tests="3" errors="0" skipped="0" failures="0">
  <properties>
    <property name="gopherProxySet" value="false"/>
    <property name="awt.toolkit" value="sun.lwawt.macosx.LWCToolkit"/>
    <property name="java.specification.version" value="11"/>
    <property name="sun.cpu.isalist" value=""/>
    <property name="sun.jnu.encoding" value="UTF-8"/>
    <property name="java.class.path" value="/Users/siblegeru/IdeaProjects/Diplom_2/target/test-classes:/Users/siblegeru/IdeaProjects/Diplom_2/target/classes:/Users/siblegeru/.m2/repository/io/rest-assured/rest-assured/4.4.0/rest-assured-4.4.0.jar:/Users/siblegeru/.m2/repository/org/codehaus/groovy/groovy/3.0.8/groovy-3.0.8.jar:/Users/siblegeru/.m2/repository/org/codehaus/groovy/groovy-xml/3.0.8/groovy-xml-3.0.8.jar:/Users/siblegeru/.m2/repository/org/apache/httpcomponents/httpclient/4.5.13/httpclient-4.5.13.jar:/Users/siblegeru/.m2/repository/org/apache/httpcomponents/httpcore/4.4.13/httpcore-4.4.13.jar:/Users/siblegeru/.m2/repository/commons-logging/commons-logging/1.2/commons-logging-1.2.jar:/Users/siblegeru/.m2/repository/commons-codec/commons-codec/1.11/commons-codec-1.11.jar:/Users/siblegeru/.m2/repository/org/apache/httpcomponents/httpmime/4.5.13/httpmime-4.5.13.jar:/Users/siblegeru/.m2/repository/org/hamcrest/hamcrest/2.1/hamcrest-2.1.jar:/Users/siblegeru/.m2/repository/org/ccil/cowan/tagsoup/tagsoup/1.2.1/tagsoup-1.2.1.jar:/Users/siblegeru/.m2/repository/io/rest-assured/json-path/4.4.0/json-path-4.4.0.jar:/Users/siblegeru/.m2/repository/org/codehaus/groovy/groovy-json/3.0.8/groovy-json-3.0.8.jar:/Users/siblegeru/.m2/repository/io/rest-assured/rest-assured-common/4.4.0/rest-assured-common-4.4.0.jar:/Users/siblegeru/.m2/repository/io/rest-assured/xml-path/4.4.0/xml-path-4.4.0.jar:/Users/siblegeru/.m2/repository/org/apache/commons/commons-lang3/3.11/commons-lang3-3.11.jar:/Users/siblegeru/.m2/repository/jakarta/xml/bind/jakarta.xml.bind-api/2.3.3/jakarta.xml.bind-api-2.3.3.jar:/Users/siblegeru/.m2/repository/jakarta/activation/jakarta.activation-api/1.2.2/jakarta.activation-api-1.2.2.jar:/Users/siblegeru/.m2/repository/com/sun/xml/bind/jaxb-impl/2.3.3/jaxb-impl-2.3.3.jar:/Users/siblegeru/.m2/repository/junit/junit/4.13.2/junit-4.13.2.jar:/Users/siblegeru/.m2/repository/org/hamcrest/hamcrest-core/1.3/hamcrest-core-1.3.jar:/Users/siblegeru/.m2/repository/io/qameta/allure/allure-junit4/2.27.0/allure-junit4-2.27.0.jar:/Users/siblegeru/.m2/repository/io/qameta/allure/allure-java-commons/2.27.0/allure-java-commons-2.27.0.jar:/Users/siblegeru/.m2/repository/org/slf4j/slf4j-api/1.7.36/slf4j-api-1.7.36.jar:/Users/siblegeru/.m2/repository/io/qameta/allure/allure-model/2.27.0/allure-model-2.27.0.jar:/Users/siblegeru/.m2/repository/io/qameta/allure/allure-test-filter/2.27.0/allure-test-filter-2.27.0.jar:/Users/siblegeru/.m2/repository/io/qameta/allure/allure-rest-assured/2.27.0/allure-rest-assured-2.27.0.jar:/Users/siblegeru/.m2/repository/io/qameta/allure/allure-attachments/2.27.0/allure-attachments-2.27.0.jar:/Users/siblegeru/.m2/repository/org/freemarker/freemarker/2.3.31/freemarker-2.3.31.jar:/Users/siblegeru/.m2/repository/com/fasterxml/jackson/core/jackson-databind/2.13.4.1/jackson-databind-2.13.4.1.jar:/Users/siblegeru/.m2/repository/com/fasterxml/jackson/core/jackson-annotations/2.13.4/jackson-annotations-2.13.4.jar:/Users/siblegeru/.m2/repository/com/fasterxml/jackson/core/jackson-core/2.13.4/jackson-core-2.13.4.jar:/Users/siblegeru/.m2/repository/org/projectlombok/lombok/1.18.32/lombok-1.18.32.jar:"/>
    <property name="java.vm.vendor" value="Amazon.com Inc."/>
    <property name="sun.arch.data.model" value="64"/>
    <property name="java.vendor.url" value="https://aws.amazon.com/corretto/"/>
    <property name="user.timezone" value=""/>
    <property name="java.vm.specification.version" value="11"/>
    <property name="os.name" value="Mac OS X"/>
    <property name="sun.java.launcher" value="SUN_STANDARD"/>
    <property name="user.country" value="RU"/>
    <property name="sun.boot.library.path" value="/Library/Java/JavaVirtualMachines/amazon-corretto-11.jdk/Contents/Home/lib"/>
    <property name="sun.java.command" value="/Users/siblegeru/IdeaProjects/Diplom_2/target/surefire/surefirebooter76511300999555239.jar /Users/siblegeru/IdeaProjects/Diplom_2/target/surefire 2024-07-07T17-04-56_765-jvmRun1 surefire5938718928078566319tmp surefire_013811055134649672190tmp"/>
    <property name="http.nonProxyHosts" value="local|*.local|169.254/16|*.169.254/16"/>
    <property name="jdk.debug" value="release"/>
    <property name="surefire.test.class.path" value="/Users/siblegeru/IdeaProjects/Diplom_2/target/test-classes:/Users/siblegeru/IdeaProjects/Diplom_2/target/classes:/Users/siblegeru/.m2/repository/io/rest-assured/rest-assured/4.4.0/rest-assured-4.4.0.jar:/Users/siblegeru/.m2/repository/org/codehaus/groovy/groovy/3.0.8/groovy-3.0.8.jar:/Users/siblegeru/.m2/repository/org/codehaus/groovy/groovy-xml/3.0.8/groovy-xml-3.0.8.jar:/Users/siblegeru/.m2/repository/org/apache/httpcomponents/httpclient/4.5.13/httpclient-4.5.13.jar:/Users/siblegeru/.m2/repository/org/apache/httpcomponents/httpcore/4.4.13/httpcore-4.4.13.jar:/Users/siblegeru/.m2/repository/commons-logging/commons-logging/1.2/commons-logging-1.2.jar:/Users/siblegeru/.m2/repository/commons-codec/commons-codec/1.11/commons-codec-1.11.jar:/Users/siblegeru/.m2/repository/org/apache/httpcomponents/httpmime/4.5.13/httpmime-4.5.13.jar:/Users/siblegeru/.m2/repository/org/hamcrest/hamcrest/2.1/hamcrest-2.1.jar:/Users/siblegeru/.m2/repository/org/ccil/cowan/tagsoup/tagsoup/1.2.1/tagsoup-1.2.1.jar:/Users/siblegeru/.m2/repository/io/rest-assured/json-path/4.4.0/json-path-4.4.0.jar:/Users/siblegeru/.m2/repository/org/codehaus/groovy/groovy-json/3.0.8/groovy-json-3.0.8.jar:/Users/siblegeru/.m2/repository/io/rest-assured/rest-assured-common/4.4.0/rest-assured-common-4.4.0.jar:/Users/siblegeru/.m2/repository/io/rest-assured/xml-path/4.4.0/xml-path-4.4.0.jar:/Users/siblegeru/.m2/repository/org/apache/commons/commons-lang3/3.11/commons-lang3-3.11.jar:/Users/siblegeru/.m2/repository/jakarta/xml/bind/jakarta.xml.bind-api/2.3.3/jakarta.xml.bind-api-2.3.3.jar:/Users/siblegeru/.m2/repository/jakarta/activation/jakarta.activation-api/1.2.2/jakarta.activation-api-1.2.2.jar:/Users/siblegeru/.m2/repository/com/sun/xml/bind/jaxb-impl/2.3.3/jaxb-impl-2.3.3.jar:/Users/siblegeru/.m2/repository/junit/junit/4.13.2/junit-4.13.2.jar:/Users/siblegeru/.m2/repository/org/hamcrest/hamcrest-core/1.3/hamcrest-core-1.3.jar:/Users/siblegeru/.m2/repository/io/qameta/allure/allure-junit4/2.27.0/allure-junit4-2.27.0.jar:/Users/siblegeru/.m2/repository/io/qameta/allure/allure-java-commons/2.27.0/allure-java-commons-2.27.0.jar:/Users/siblegeru/.m2/repository/org/slf4j/slf4j-api/1.7.36/slf4j-api-1.7.36.jar:/Users/siblegeru/.m2/repository/io/qameta/allure/allure-model/2.27.0/allure-model-2.27.0.jar:/Users/siblegeru/.m2/repository/io/qameta/allure/allure-test-filter/2.27.0/allure-test-filter-2.27.0.jar:/Users/siblegeru/.m2/repository/io/qameta/allure/allure-rest-assured/2.27.0/allure-rest-assured-2.27.0.jar:/Users/siblegeru/.m2/repository/io/qameta/allure/allure-attachments/2.27.0/allure-attachments-2.27.0.jar:/Users/siblegeru/.m2/repository/org/freemarker/freemarker/2.3.31/freemarker-2.3.31.jar:/Users/siblegeru/.m2/repository/com/fasterxml/jackson/core/jackson-databind/2.13.4.1/jackson-databind-2.13.4.1.jar:/Users/siblegeru/.m2/repository/com/fasterxml/jackson/core/jackson-annotations/2.13.4/jackson-annotations-2.13.4.jar:/Users/siblegeru/.m2/repository/com/fasterxml/jackson/core/jackson-core/2.13.4/jackson-core-2.13.4.jar:/Users/siblegeru/.m2/repository/org/projectlombok/lombok/1.18.32/lombok-1.18.32.jar:"/>
    <property name="sun.cpu.endian" value="little"/>
    <property name="allure.results.directory" value="/Users/siblegeru/IdeaProjects/Diplom_2/target/allure-results"/>
    <property name="user.home" value="/Users/siblegeru"/>
    <property name="user.language" value="ru"/>
    <property name="java.specification.vendor" value="Oracle Corporation"/>
    <property name="java.version.date" value="2024-04-16"/>
    <property name="java.home" value="/Library/Java/JavaVirtualMachines/amazon-corretto-11.jdk/Contents/Home"/>
    <property name="file.separator" value="/"/>
    <property name="basedir" value="/Users/siblegeru/IdeaProjects/Diplom_2"/>
    <property name="java.vm.compressedOopsMode" value="Zero based"/>
    <property name="line.separator" value="&#10;"/>
    <property name="java.specification.name" value="Java Platform API Specification"/>
    <property name="java.vm.specification.vendor" value="Oracle Corporation"/>
    <property name="java.awt.graphicsenv" value="sun.awt.CGraphicsEnvironment"/>
    <property name="surefire.real.class.path" value="/Users/siblegeru/IdeaProjects/Diplom_2/target/surefire/surefirebooter76511300999555239.jar"/>
    <property name="sun.management.compiler" value="HotSpot 64-Bit Tiered Compilers"/>
    <property name="ftp.nonProxyHosts" value="local|*.local|169.254/16|*.169.254/16"/>
    <property name="java.runtime.version" value="11.0.23+9-LTS"/>
    <property name="user.name" value="siblegeru"/>
    <property name="path.separator" value=":"/>
    <property name="os.version" value="14.4.1"/>
    <property name="java.runtime.name" value="OpenJDK Runtime Environment"/>
    <property name="file.encoding" value="UTF-8"/>
    <property name="java.vm.name" value="OpenJDK 64-Bit Server VM"/>
    <property name="java.vendor.version" value="Corretto-11.0.23.9.1"/>
    <property name="localRepository" value="/Users/siblegeru/.m2/repository"/>
    <property name="java.vendor.url.bug" value="https://github.com/corretto/corretto-11/issues/"/>
    <property name="java.io.tmpdir" value="/var/folders/1n/x2czd9l53mg7d3mj68_mj5k40000gn/T/"/>
    <property name="idea.version" value="2024.1.1"/>
    <property name="java.version" value="11.0.23"/>
    <property name="user.dir" value="/Users/siblegeru/IdeaProjects/Diplom_2"/>
    <property name="os.arch" value="x86_64"/>
    <property name="java.vm.specification.name" value="Java Virtual Machine Specification"/>
    <property name="java.awt.printerjob" value="sun.lwawt.macosx.CPrinterJob"/>
    <property name="sun.os.patch.level" value="unknown"/>
    <property name="java.library.path" value="/Users/siblegeru/Library/Java/Extensions:/Library/Java/Extensions:/Network/Library/Java/Extensions:/System/Library/Java/Extensions:/usr/lib/java:."/>
    <property name="java.vm.info" value="mixed mode"/>
    <property name="java.vendor" value="Amazon.com Inc."/>
    <property name="java.vm.version" value="11.0.23+9-LTS"/>
    <property name="java.specification.maintenance.version" value="2"/>
    <property name="sun.io.unicode.encoding" value="UnicodeBig"/>
    <property name="java.class.version" value="55.0"/>
    <property name="socksNonProxyHosts" value="local|*.local|169.254/16|*.169.254/16"/>
  </properties>
  <testcase name="errorMissingRequiredFieldOnCreateUserTest" classname="CreateUserTest" time="0.451"/>
  <testcase name="recCreatingUserTest" classname="CreateUserTest" time="1.176"/>
  <testcase name="possibilityCreateNewUser" classname="CreateUserTest" time="1.265"/>
</testsuite>